<?xml version="1.0" encoding="UTF-8"?>
<testsuite xmlns:xsi="http://www.w3.org/2001/XMLSchema-instance" xsi:noNamespaceSchemaLocation="https://maven.apache.org/surefire/maven-surefire-plugin/xsd/surefire-test-report-3.0.xsd" version="3.0" name="gui.PhieuNhapGUITest" time="1.846" tests="6" errors="0" skipped="0" failures="0">
  <properties>
[...]
</properties>
  <testcase name="testOtherText" classname="gui.PhieuNhapGUITest" time="0.03">
    <system-out><![CDATA[TC6: Dự kiến trả về: đối tượng RowFilter | Thực tế trả về: javax.swing.RowFilter$RegexFilter@1992eaf4
]]></system-out>
  </testcase>
  <testcase name="testEmptyText" classname="gui.PhieuNhapGUITest" time="0.002">
    <system-out><![CDATA[TC5: Dự kiến trả về: null | Thực tế trả về: null
]]></system-out>
  </testcase>
  <testcase name="testInput1AfterInput2" classname="gui.PhieuNhapGUITest" time="0.029">
    <system-out><![CDATA[TC3: Dự kiến trả về: null | Thực tế trả về: null
]]></system-out>
  </testcase>
  <testcase name="testEmptyInput1" classname="gui.PhieuNhapGUITest" time="0.022">
    <system-out><![CDATA[TC1: Dự kiến trả về: null | Thực tế trả về: null
]]></system-out>
  </testcase>
  <testcase name="testEmptyInput2" classname="gui.PhieuNhapGUITest" time="0.016">
    <system-out><![CDATA[TC2: Dự kiến trả về: null | Thực tế trả về: null
]]></system-out>
  </testcase>
  <testcase name="testInput1NotAfterInput2" classname="gui.PhieuNhapGUITest" time="0.035">
    <system-out><![CDATA[TC4: Dự kiến trả về: mảng đối tượng PhieuNhapDTO| Thực tế trả về: [dto.PhieuNhapDTO@743cb8e0, dto.PhieuNhapDTO@c7a975a]
]]></system-out>
  </testcase>
</testsuite>