<?xml version="1.0" encoding="UTF-8"?>
<testsuite xmlns:xsi="http://www.w3.org/2001/XMLSchema-instance" xsi:noNamespaceSchemaLocation="https://maven.apache.org/surefire/maven-surefire-plugin/xsd/surefire-test-report-3.0.xsd" version="3.0" name="gui.SuaKhachHangGUITest" time="0.629" tests="3" errors="0" skipped="0" failures="0">
  <properties>
[...]
</properties>
  <testcase name="test1" classname="gui.SuaKhachHangGUITest" time="0.019">
    <system-out><![CDATA[TC: Dự kiến trả về: false| Thực tế trả về: false
]]></system-out>
  </testcase>
  <testcase name="test2" classname="gui.SuaKhachHangGUITest" time="0.002">
    <system-out><![CDATA[TC2: Dự kiến trả về: true| Thực tế trả về: true
]]></system-out>
  </testcase>
  <testcase name="test3" classname="gui.SuaKhachHangGUITest" time="0.018">
    <system-out><![CDATA[TC3: Dự kiến trả về: true| Thực tế trả về: true
]]></system-out>
  </testcase>
</testsuite>